Determining if the C compiler works failed with the following output:
Change Dir: /home/sarahkitty/Code/C++/Miner/build/windows/CMakeFiles/CMakeTmp

Run Build Command:"" "cmTC_026b2/fast"
No such file or directory
Generator: execution of make failed. Make command was: "" "cmTC_026b2/fast"


Determining if the C compiler works failed with the following output:
Change Dir: /home/sarahkitty/Code/C++/Miner/build/windows/CMakeFiles/CMakeTmp

Run Build Command:"" "cmTC_7e7a7/fast"
No such file or directory
Generator: execution of make failed. Make command was: "" "cmTC_7e7a7/fast"


Determining if the C compiler works failed with the following output:
Change Dir: /home/sarahkitty/Code/C++/Miner/build/windows/CMakeFiles/CMakeTmp

Run Build Command:"/usr/bin/make" "cmTC_0a108/fast"
/usr/bin/make -f CMakeFiles/cmTC_0a108.dir/build.make CMakeFiles/cmTC_0a108.dir/build
make[1]: Entering directory '/home/sarahkitty/Code/C++/Miner/build/windows/CMakeFiles/CMakeTmp'
Building C object CMakeFiles/cmTC_0a108.dir/testCCompiler.c.obj
/usr/bin/x86_64-w64-mingw32-gcc  @CMakeFiles/cmTC_0a108.dir/includes_C.rsp  -o CMakeFiles/cmTC_0a108.dir/testCCompiler.c.obj   -c /home/sarahkitty/Code/C++/Miner/build/windows/CMakeFiles/CMakeTmp/testCCompiler.c
Linking C executable cmTC_0a108.exe
/usr/bin/cmake -E cmake_link_script CMakeFiles/cmTC_0a108.dir/link.txt --verbose=1
/usr/bin/cmake -E remove -f CMakeFiles/cmTC_0a108.dir/objects.a
/usr/bin/x86_64-w64-mingw32-ar cr CMakeFiles/cmTC_0a108.dir/objects.a @CMakeFiles/cmTC_0a108.dir/objects1.rsp
/usr/bin/x86_64-w64-mingw32-gcc    -static -static-libgcc -static-libstdc++  -Wl,--whole-archive CMakeFiles/cmTC_0a108.dir/objects.a -Wl,--no-whole-archive  -o cmTC_0a108.exe -Wl,--out-implib,libcmTC_0a108.dll.a -Wl,--major-image-version,0,--minor-image-version,0 @CMakeFiles/cmTC_0a108.dir/linklibs.rsp
/usr/lib/gcc/x86_64-w64-mingw32/8.2.0/../../../../x86_64-w64-mingw32/bin/ld: cannot find -lsfml-graphics-s
/usr/lib/gcc/x86_64-w64-mingw32/8.2.0/../../../../x86_64-w64-mingw32/bin/ld: cannot find -lsfml-window-s
/usr/lib/gcc/x86_64-w64-mingw32/8.2.0/../../../../x86_64-w64-mingw32/bin/ld: cannot find -lsfml-audio-s
/usr/lib/gcc/x86_64-w64-mingw32/8.2.0/../../../../x86_64-w64-mingw32/bin/ld: cannot find -lsfml-network-s
/usr/lib/gcc/x86_64-w64-mingw32/8.2.0/../../../../x86_64-w64-mingw32/bin/ld: cannot find -lsfml-system-s
/usr/lib/gcc/x86_64-w64-mingw32/8.2.0/../../../../x86_64-w64-mingw32/bin/ld: cannot find -lfreetype
/usr/lib/gcc/x86_64-w64-mingw32/8.2.0/../../../../x86_64-w64-mingw32/bin/ld: cannot find -lopenal32
/usr/lib/gcc/x86_64-w64-mingw32/8.2.0/../../../../x86_64-w64-mingw32/bin/ld: cannot find -lFLAC
/usr/lib/gcc/x86_64-w64-mingw32/8.2.0/../../../../x86_64-w64-mingw32/bin/ld: cannot find -lvorbisenc
/usr/lib/gcc/x86_64-w64-mingw32/8.2.0/../../../../x86_64-w64-mingw32/bin/ld: cannot find -lvorbisfile
/usr/lib/gcc/x86_64-w64-mingw32/8.2.0/../../../../x86_64-w64-mingw32/bin/ld: cannot find -lvorbis
/usr/lib/gcc/x86_64-w64-mingw32/8.2.0/../../../../x86_64-w64-mingw32/bin/ld: cannot find -logg
collect2: error: ld returned 1 exit status
make[1]: *** [CMakeFiles/cmTC_0a108.dir/build.make:90: cmTC_0a108.exe] Error 1
make[1]: Leaving directory '/home/sarahkitty/Code/C++/Miner/build/windows/CMakeFiles/CMakeTmp'
make: *** [Makefile:121: cmTC_0a108/fast] Error 2


